app/build/intermediates/manifest_merge_blame_file/debug/manifest-merger-blame-debug-report.txt
1<?xml version="1.0" encoding="utf-8"?>
2<manifest xmlns:android="http://schemas.android.com/apk/res/android"
3    package="com.ruuha.bmscms"
4    android:versionCode="1"
5    android:versionName="1.0" >
6
7    <uses-sdk
8        android:minSdkVersion="19"
8-->src\main\AndroidManifest.xml
9        android:targetSdkVersion="30" />
9-->src\main\AndroidManifest.xml
10
11    <uses-permission android:name="android.permission.READ_EXTERNAL_STORAGE" />
11-->src\main\AndroidManifest.xml:6:5-79
11-->src\main\AndroidManifest.xml:6:22-77
12    <uses-permission android:name="android.permission.SEND_SMS" />
12-->src\main\AndroidManifest.xml:7:5-66
12-->src\main\AndroidManifest.xml:7:22-64
13    <uses-permission android:name="android.permission.INTERNET" />
13-->src\main\AndroidManifest.xml:8:5-67
13-->src\main\AndroidManifest.xml:8:22-64
14
15    <meta-data
15-->[com.android.support:appcompat-v7:25.3.1] AndroidManifest.xml:25:5-27:34
16        android:name="android.support.VERSION"
16-->[com.android.support:appcompat-v7:25.3.1] AndroidManifest.xml:26:9-47
17        android:value="25.3.1" />
17-->[com.android.support:appcompat-v7:25.3.1] AndroidManifest.xml:27:9-31
18
19    <uses-permission android:name="android.permission.ACCESS_NETWORK_STATE" />
19-->[com.google.firebase:firebase-analytics:11.0.1] AndroidManifest.xml:21:5-78
19-->[com.google.firebase:firebase-analytics:11.0.1] AndroidManifest.xml:21:22-76
20    <uses-permission android:name="android.permission.WAKE_LOCK" />
20-->[com.google.firebase:firebase-analytics:11.0.1] AndroidManifest.xml:22:5-67
20-->[com.google.firebase:firebase-analytics:11.0.1] AndroidManifest.xml:22:22-65
21    <uses-permission android:name="com.google.android.c2dm.permission.RECEIVE" />
21-->[com.google.firebase:firebase-iid:11.0.1] AndroidManifest.xml:22:5-81
21-->[com.google.firebase:firebase-iid:11.0.1] AndroidManifest.xml:22:22-79
22
23    <permission
23-->[com.google.firebase:firebase-iid:11.0.1] AndroidManifest.xml:24:5-109
24        android:name="com.ruuha.bmscms.permission.C2D_MESSAGE"
24-->[com.google.firebase:firebase-iid:11.0.1] AndroidManifest.xml:24:17-71
25        android:protectionLevel="signature" />
25-->[com.google.firebase:firebase-iid:11.0.1] AndroidManifest.xml:24:72-107
26
27    <uses-permission android:name="com.ruuha.bmscms.permission.C2D_MESSAGE" />
27-->[com.google.firebase:firebase-iid:11.0.1] AndroidManifest.xml:26:5-78
27-->[com.google.firebase:firebase-iid:11.0.1] AndroidManifest.xml:26:22-76
28
29    <application
29-->src\main\AndroidManifest.xml:9:5-146:19
30        android:name="com.ruuha.bmscms.Event"
30-->src\main\AndroidManifest.xml:10:9-30
31        android:allowBackup="true"
31-->src\main\AndroidManifest.xml:11:9-35
32        android:debuggable="true"
33        android:exported="true"
33-->src\main\AndroidManifest.xml:16:9-32
34        android:icon="@drawable/logo"
34-->src\main\AndroidManifest.xml:12:9-38
35        android:label="@string/app_name"
35-->src\main\AndroidManifest.xml:13:9-41
36        android:roundIcon="@mipmap/ic_launcher_round"
36-->src\main\AndroidManifest.xml:14:9-54
37        android:supportsRtl="true"
37-->src\main\AndroidManifest.xml:15:9-35
38        android:testOnly="true"
39        android:theme="@style/AppTheme" >
39-->src\main\AndroidManifest.xml:17:9-40
40        <activity
40-->src\main\AndroidManifest.xml:19:9-27:20
41            android:name="com.ruuha.bmscms.Splashscreen"
41-->src\main\AndroidManifest.xml:19:19-47
42            android:theme="@style/splashTheme" >
42-->src\main\AndroidManifest.xml:19:48-82
43            <intent-filter>
43-->src\main\AndroidManifest.xml:21:13-25:29
44                <action android:name="android.intent.action.MAIN" />
44-->src\main\AndroidManifest.xml:22:17-68
44-->src\main\AndroidManifest.xml:22:25-66
45
46                <category android:name="android.intent.category.LAUNCHER" />
46-->src\main\AndroidManifest.xml:23:17-76
46-->src\main\AndroidManifest.xml:23:27-74
47            </intent-filter>
48        </activity>
49        <activity android:name="com.ruuha.bmscms.OTPRegister" >
49-->src\main\AndroidManifest.xml:28:9-34:20
49-->src\main\AndroidManifest.xml:28:19-46
50            <intent-filter>
50-->src\main\AndroidManifest.xml:29:13-33:29
51                <action android:name="android.intent.action.M" />
51-->src\main\AndroidManifest.xml:30:17-66
51-->src\main\AndroidManifest.xml:30:25-63
52
53                <category android:name="android.intent.category.LAUNCHER" />
53-->src\main\AndroidManifest.xml:23:17-76
53-->src\main\AndroidManifest.xml:23:27-74
54            </intent-filter>
55        </activity>
56        <activity android:name="com.ruuha.bmscms.StudentDetailsInput" >
56-->src\main\AndroidManifest.xml:36:9-42:20
56-->src\main\AndroidManifest.xml:36:19-54
57            <intent-filter>
57-->src\main\AndroidManifest.xml:29:13-33:29
58                <action android:name="android.intent.action.M" />
58-->src\main\AndroidManifest.xml:30:17-66
58-->src\main\AndroidManifest.xml:30:25-63
59
60                <category android:name="android.intent.category.LAUNCHER" />
60-->src\main\AndroidManifest.xml:23:17-76
60-->src\main\AndroidManifest.xml:23:27-74
61            </intent-filter>
62        </activity>
63        <activity
63-->src\main\AndroidManifest.xml:43:9-53:20
64            android:name="com.ruuha.bmscms.StudentList"
64-->src\main\AndroidManifest.xml:44:13-40
65            android:label="Student Details"
65-->src\main\AndroidManifest.xml:46:13-44
66            android:screenOrientation="portrait"
66-->src\main\AndroidManifest.xml:45:13-49
67            android:theme="@style/AppTheme.NoActionBar" >
67-->src\main\AndroidManifest.xml:47:13-56
68            <intent-filter>
68-->src\main\AndroidManifest.xml:48:13-52:29
69                <action android:name="android.intent.action.SEARCH" />
69-->src\main\AndroidManifest.xml:49:17-71
69-->src\main\AndroidManifest.xml:49:25-68
70
71                <category android:name="android.intent.category.LAUNCHER" />
71-->src\main\AndroidManifest.xml:23:17-76
71-->src\main\AndroidManifest.xml:23:27-74
72            </intent-filter>
73        </activity>
74        <activity
74-->src\main\AndroidManifest.xml:55:9-62:20
75            android:name="com.ruuha.bmscms.LoginPage"
75-->src\main\AndroidManifest.xml:55:19-44
76            android:label="@string/login" >
76-->src\main\AndroidManifest.xml:56:13-42
77            <intent-filter>
77-->src\main\AndroidManifest.xml:29:13-33:29
78                <action android:name="android.intent.action.M" />
78-->src\main\AndroidManifest.xml:30:17-66
78-->src\main\AndroidManifest.xml:30:25-63
79
80                <category android:name="android.intent.category.LAUNCHER" />
80-->src\main\AndroidManifest.xml:23:17-76
80-->src\main\AndroidManifest.xml:23:27-74
81            </intent-filter>
82        </activity>
83        <activity
83-->src\main\AndroidManifest.xml:64:9-72:20
84            android:name="com.ruuha.bmscms.ClubList"
84-->src\main\AndroidManifest.xml:64:19-43
85            android:label="Club list" >
85-->src\main\AndroidManifest.xml:65:13-38
86            <intent-filter>
86-->src\main\AndroidManifest.xml:29:13-33:29
87                <action android:name="android.intent.action.M" />
87-->src\main\AndroidManifest.xml:30:17-66
87-->src\main\AndroidManifest.xml:30:25-63
88
89                <category android:name="android.intent.category.LAUNCHER" />
89-->src\main\AndroidManifest.xml:23:17-76
89-->src\main\AndroidManifest.xml:23:27-74
90            </intent-filter>
91        </activity>
92        <activity android:name="com.ruuha.bmscms.ListClubs" >
92-->src\main\AndroidManifest.xml:74:9-80:20
92-->src\main\AndroidManifest.xml:74:19-44
93            <intent-filter>
93-->src\main\AndroidManifest.xml:29:13-33:29
94                <action android:name="android.intent.action.M" />
94-->src\main\AndroidManifest.xml:30:17-66
94-->src\main\AndroidManifest.xml:30:25-63
95
96                <category android:name="android.intent.category.LAUNCHER" />
96-->src\main\AndroidManifest.xml:23:17-76
96-->src\main\AndroidManifest.xml:23:27-74
97            </intent-filter>
98        </activity>
99        <activity android:name="com.ruuha.bmscms.Adminlogin" >
99-->src\main\AndroidManifest.xml:81:9-87:20
99-->src\main\AndroidManifest.xml:81:19-45
100            <intent-filter>
100-->src\main\AndroidManifest.xml:29:13-33:29
101                <action android:name="android.intent.action.M" />
101-->src\main\AndroidManifest.xml:30:17-66
101-->src\main\AndroidManifest.xml:30:25-63
102
103                <category android:name="android.intent.category.LAUNCHER" />
103-->src\main\AndroidManifest.xml:23:17-76
103-->src\main\AndroidManifest.xml:23:27-74
104            </intent-filter>
105        </activity>
106        <activity android:name="com.ruuha.bmscms.Adminhome" >
106-->src\main\AndroidManifest.xml:88:9-94:20
106-->src\main\AndroidManifest.xml:88:19-44
107            <intent-filter>
107-->src\main\AndroidManifest.xml:29:13-33:29
108                <action android:name="android.intent.action.M" />
108-->src\main\AndroidManifest.xml:30:17-66
108-->src\main\AndroidManifest.xml:30:25-63
109
110                <category android:name="android.intent.category.LAUNCHER" />
110-->src\main\AndroidManifest.xml:23:17-76
110-->src\main\AndroidManifest.xml:23:27-74
111            </intent-filter>
112        </activity>
113        <activity android:name="com.ruuha.bmscms.LoginList" >
113-->src\main\AndroidManifest.xml:95:9-101:20
113-->src\main\AndroidManifest.xml:95:19-44
114            <intent-filter>
114-->src\main\AndroidManifest.xml:29:13-33:29
115                <action android:name="android.intent.action.M" />
115-->src\main\AndroidManifest.xml:30:17-66
115-->src\main\AndroidManifest.xml:30:25-63
116
117                <category android:name="android.intent.category.LAUNCHER" />
117-->src\main\AndroidManifest.xml:23:17-76
117-->src\main\AndroidManifest.xml:23:27-74
118            </intent-filter>
119        </activity>
120        <activity
120-->src\main\AndroidManifest.xml:104:9-111:20
121            android:name="com.ruuha.bmscms.HomePage"
121-->src\main\AndroidManifest.xml:104:19-43
122            android:screenOrientation="portrait"
122-->src\main\AndroidManifest.xml:105:48-84
123            android:theme="@style/AppThemeTWo"
123-->src\main\AndroidManifest.xml:105:13-47
124            android:windowSoftInputMode="adjustResize|stateHidden" >
124-->src\main\AndroidManifest.xml:104:46-100
125            <intent-filter>
125-->src\main\AndroidManifest.xml:29:13-33:29
126                <action android:name="android.intent.action.M" />
126-->src\main\AndroidManifest.xml:30:17-66
126-->src\main\AndroidManifest.xml:30:25-63
127
128                <category android:name="android.intent.category.LAUNCHER" />
128-->src\main\AndroidManifest.xml:23:17-76
128-->src\main\AndroidManifest.xml:23:27-74
129            </intent-filter>
130        </activity>
131        <activity
131-->src\main\AndroidManifest.xml:112:9-119:20
132            android:name="com.ruuha.bmscms.RegisterPageCopy"
132-->src\main\AndroidManifest.xml:112:19-51
133            android:label="@string/register" >
133-->src\main\AndroidManifest.xml:113:13-45
134            <intent-filter>
134-->src\main\AndroidManifest.xml:29:13-33:29
135                <action android:name="android.intent.action.M" />
135-->src\main\AndroidManifest.xml:30:17-66
135-->src\main\AndroidManifest.xml:30:25-63
136
137                <category android:name="android.intent.category.LAUNCHER" />
137-->src\main\AndroidManifest.xml:23:17-76
137-->src\main\AndroidManifest.xml:23:27-74
138            </intent-filter>
139        </activity>
140        <activity android:name="com.ruuha.bmscms.AboutDev" >
140-->src\main\AndroidManifest.xml:121:9-127:20
140-->src\main\AndroidManifest.xml:121:19-43
141            <intent-filter>
141-->src\main\AndroidManifest.xml:29:13-33:29
142                <action android:name="android.intent.action.M" />
142-->src\main\AndroidManifest.xml:30:17-66
142-->src\main\AndroidManifest.xml:30:25-63
143
144                <category android:name="android.intent.category.LAUNCHER" />
144-->src\main\AndroidManifest.xml:23:17-76
144-->src\main\AndroidManifest.xml:23:27-74
145            </intent-filter>
146        </activity>
147        <activity android:name="com.ruuha.bmscms.EventHandler" >
147-->src\main\AndroidManifest.xml:129:9-136:20
147-->src\main\AndroidManifest.xml:130:13-41
148            <intent-filter>
148-->src\main\AndroidManifest.xml:131:13-135:29
149                <action android:name="android.intent.action.O" />
149-->src\main\AndroidManifest.xml:132:17-66
149-->src\main\AndroidManifest.xml:132:25-63
150
151                <category android:name="android.intent.category.LAUNCHER" />
151-->src\main\AndroidManifest.xml:23:17-76
151-->src\main\AndroidManifest.xml:23:27-74
152            </intent-filter>
153        </activity>
154        <activity android:name="com.ruuha.bmscms.EventCrud" />
154-->src\main\AndroidManifest.xml:137:9-56
154-->src\main\AndroidManifest.xml:137:19-44
155        <activity android:name="com.ruuha.bmscms.MainActivity" />
155-->src\main\AndroidManifest.xml:138:9-59
155-->src\main\AndroidManifest.xml:138:19-47
156
157        <meta-data
157-->src\main\AndroidManifest.xml:141:9-71
158            android:name="Rush_db_version"
158-->src\main\AndroidManifest.xml:141:20-50
159            android:value="3" />
159-->src\main\AndroidManifest.xml:141:51-68
160        <meta-data
160-->src\main\AndroidManifest.xml:142:9-77
161            android:name="Rush_db_name"
161-->src\main\AndroidManifest.xml:142:20-47
162            android:value="EventDB.db" />
162-->src\main\AndroidManifest.xml:142:48-74
163        <meta-data
163-->src\main\AndroidManifest.xml:143:9-70
164            android:name="Rush_debug"
164-->src\main\AndroidManifest.xml:143:20-45
165            android:value="false" />
165-->src\main\AndroidManifest.xml:143:46-67
166        <meta-data
166-->src\main\AndroidManifest.xml:144:9-90
167            android:name="Rush_requires_table_annotation"
167-->src\main\AndroidManifest.xml:144:20-65
168            android:value="false" />
168-->src\main\AndroidManifest.xml:144:66-87
169        <meta-data
169-->src\main\AndroidManifest.xml:145:9-68
170            android:name="Rush_log"
170-->src\main\AndroidManifest.xml:145:20-43
171            android:value="false" />
171-->src\main\AndroidManifest.xml:145:44-65
172
173        <activity
173-->[com.firebaseui:firebase-ui-auth:0.4.4] AndroidManifest.xml:12:9-15:20
174            android:name="com.firebase.ui.auth.ui.email.ConfirmRecoverPasswordActivity"
174-->[com.firebaseui:firebase-ui-auth:0.4.4] AndroidManifest.xml:13:13-88
175            android:theme="@style/FirebaseUI.Dialog" >
175-->[com.firebaseui:firebase-ui-auth:0.4.4] AndroidManifest.xml:14:13-53
176        </activity>
177        <activity
177-->[com.firebaseui:firebase-ui-auth:0.4.4] AndroidManifest.xml:16:9-19:20
178            android:name="com.firebase.ui.auth.ui.email.EmailHintContainerActivity"
178-->[com.firebaseui:firebase-ui-auth:0.4.4] AndroidManifest.xml:17:13-84
179            android:theme="@style/FirebaseUI.Translucent" >
179-->[com.firebaseui:firebase-ui-auth:0.4.4] AndroidManifest.xml:18:13-58
180        </activity>
181        <activity
181-->[com.firebaseui:firebase-ui-auth:0.4.4] AndroidManifest.xml:20:9-23:20
182            android:name="com.firebase.ui.auth.ui.email.RecoverPasswordActivity"
182-->[com.firebaseui:firebase-ui-auth:0.4.4] AndroidManifest.xml:21:13-81
183            android:theme="@style/FirebaseUI" >
183-->[com.firebaseui:firebase-ui-auth:0.4.4] AndroidManifest.xml:22:13-46
184        </activity>
185        <activity
185-->[com.firebaseui:firebase-ui-auth:0.4.4] AndroidManifest.xml:24:9-27:20
186            android:name="com.firebase.ui.auth.ui.email.RegisterEmailActivity"
186-->[com.firebaseui:firebase-ui-auth:0.4.4] AndroidManifest.xml:25:13-79
187            android:theme="@style/FirebaseUI" >
187-->[com.firebaseui:firebase-ui-auth:0.4.4] AndroidManifest.xml:26:13-46
188        </activity>
189        <activity
189-->[com.firebaseui:firebase-ui-auth:0.4.4] AndroidManifest.xml:28:9-31:20
190            android:name="com.firebase.ui.auth.ui.email.SignInNoPasswordActivity"
190-->[com.firebaseui:firebase-ui-auth:0.4.4] AndroidManifest.xml:29:13-82
191            android:theme="@style/FirebaseUI" >
191-->[com.firebaseui:firebase-ui-auth:0.4.4] AndroidManifest.xml:30:13-46
192        </activity>
193        <activity
193-->[com.firebaseui:firebase-ui-auth:0.4.4] AndroidManifest.xml:32:9-35:20
194            android:name="com.firebase.ui.auth.ui.email.SignInActivity"
194-->[com.firebaseui:firebase-ui-auth:0.4.4] AndroidManifest.xml:33:13-72
195            android:theme="@style/FirebaseUI" >
195-->[com.firebaseui:firebase-ui-auth:0.4.4] AndroidManifest.xml:34:13-46
196        </activity>
197        <activity
197-->[com.firebaseui:firebase-ui-auth:0.4.4] AndroidManifest.xml:36:9-39:20
198            android:name="com.firebase.ui.auth.ui.account_link.SaveCredentialsActivity"
198-->[com.firebaseui:firebase-ui-auth:0.4.4] AndroidManifest.xml:37:13-88
199            android:theme="@style/FirebaseUI.Translucent" >
199-->[com.firebaseui:firebase-ui-auth:0.4.4] AndroidManifest.xml:38:13-58
200        </activity>
201        <activity
201-->[com.firebaseui:firebase-ui-auth:0.4.4] AndroidManifest.xml:40:9-43:20
202            android:name="com.firebase.ui.auth.ui.account_link.AccountLinkInitActivity"
202-->[com.firebaseui:firebase-ui-auth:0.4.4] AndroidManifest.xml:41:13-88
203            android:theme="@style/FirebaseUI" >
203-->[com.firebaseui:firebase-ui-auth:0.4.4] AndroidManifest.xml:42:13-46
204        </activity>
205        <activity
205-->[com.firebaseui:firebase-ui-auth:0.4.4] AndroidManifest.xml:44:9-47:20
206            android:name="com.firebase.ui.auth.ui.account_link.WelcomeBackIDPPrompt"
206-->[com.firebaseui:firebase-ui-auth:0.4.4] AndroidManifest.xml:45:13-85
207            android:theme="@style/FirebaseUI" >
207-->[com.firebaseui:firebase-ui-auth:0.4.4] AndroidManifest.xml:46:13-46
208        </activity>
209        <activity
209-->[com.firebaseui:firebase-ui-auth:0.4.4] AndroidManifest.xml:48:9-51:20
210            android:name="com.firebase.ui.auth.ui.account_link.WelcomeBackPasswordPrompt"
210-->[com.firebaseui:firebase-ui-auth:0.4.4] AndroidManifest.xml:49:13-90
211            android:theme="@style/FirebaseUI" >
211-->[com.firebaseui:firebase-ui-auth:0.4.4] AndroidManifest.xml:50:13-46
212        </activity>
213        <activity
213-->[com.firebaseui:firebase-ui-auth:0.4.4] AndroidManifest.xml:52:9-55:20
214            android:name="com.firebase.ui.auth.ui.idp.AuthMethodPickerActivity"
214-->[com.firebaseui:firebase-ui-auth:0.4.4] AndroidManifest.xml:53:13-80
215            android:theme="@style/FirebaseUI" >
215-->[com.firebaseui:firebase-ui-auth:0.4.4] AndroidManifest.xml:54:13-46
216        </activity>
217        <activity
217-->[com.firebaseui:firebase-ui-auth:0.4.4] AndroidManifest.xml:56:9-59:20
218            android:name="com.firebase.ui.auth.ui.idp.IDPSignInContainerActivity"
218-->[com.firebaseui:firebase-ui-auth:0.4.4] AndroidManifest.xml:57:13-82
219            android:theme="@style/FirebaseUI.Translucent" >
219-->[com.firebaseui:firebase-ui-auth:0.4.4] AndroidManifest.xml:58:13-58
220        </activity>
221        <activity
221-->[com.firebaseui:firebase-ui-auth:0.4.4] AndroidManifest.xml:60:9-63:20
222            android:name="com.firebase.ui.auth.ui.ChooseAccountActivity"
222-->[com.firebaseui:firebase-ui-auth:0.4.4] AndroidManifest.xml:61:13-73
223            android:theme="@style/FirebaseUI.Translucent" >
223-->[com.firebaseui:firebase-ui-auth:0.4.4] AndroidManifest.xml:62:13-58
224        </activity>
225        <activity
225-->[com.firebaseui:firebase-ui-auth:0.4.4] AndroidManifest.xml:64:9-68:61
226            android:name="com.facebook.FacebookActivity"
226-->[com.firebaseui:firebase-ui-auth:0.4.4] AndroidManifest.xml:65:13-57
227            android:configChanges="keyboard|keyboardHidden|screenLayout|screenSize|orientation"
227-->[com.firebaseui:firebase-ui-auth:0.4.4] AndroidManifest.xml:66:13-96
228            android:label="@string/app_name"
228-->[com.firebaseui:firebase-ui-auth:0.4.4] AndroidManifest.xml:67:13-45
229            android:theme="@style/FirebaseUI.Translucent" />
229-->[com.firebaseui:firebase-ui-auth:0.4.4] AndroidManifest.xml:68:13-58
230        <activity
230-->[com.google.android.gms:play-services-auth:11.0.1] AndroidManifest.xml:20:9-189
231            android:name="com.google.android.gms.auth.api.signin.internal.SignInHubActivity"
231-->[com.google.android.gms:play-services-auth:11.0.1] AndroidManifest.xml:20:19-68
232            android:excludeFromRecents="true"
232-->[com.google.android.gms:play-services-auth:11.0.1] AndroidManifest.xml:20:129-162
233            android:exported="false"
233-->[com.google.android.gms:play-services-auth:11.0.1] AndroidManifest.xml:20:163-187
234            android:theme="@android:style/Theme.Translucent.NoTitleBar" />
234-->[com.google.android.gms:play-services-auth:11.0.1] AndroidManifest.xml:20:69-128
235        <!--
236Service handling Google Sign-In user revocation. For apps that do not integrate with
237            Google Sign-In, this service will never be started.
238        -->
239        <service
239-->[com.google.android.gms:play-services-auth:11.0.1] AndroidManifest.xml:24:9-184
240            android:name="com.google.android.gms.auth.api.signin.RevocationBoundService"
240-->[com.google.android.gms:play-services-auth:11.0.1] AndroidManifest.xml:24:18-63
241            android:exported="true"
241-->[com.google.android.gms:play-services-auth:11.0.1] AndroidManifest.xml:24:64-87
242            android:permission="com.google.android.gms.auth.api.signin.permission.REVOCATION_NOTIFICATION" />
242-->[com.google.android.gms:play-services-auth:11.0.1] AndroidManifest.xml:24:88-182
243        <!--
244 FirebaseMessagingService performs security checks at runtime,
245             no need for explicit permissions despite exported="true"
246        -->
247        <service
247-->[com.google.firebase:firebase-messaging:11.0.1] AndroidManifest.xml:23:9-27:19
248            android:name="com.google.firebase.messaging.FirebaseMessagingService"
248-->[com.google.firebase:firebase-messaging:11.0.1] AndroidManifest.xml:23:18-87
249            android:exported="true" >
249-->[com.google.firebase:firebase-messaging:11.0.1] AndroidManifest.xml:23:88-111
250            <intent-filter android:priority="-500" >
250-->[com.google.firebase:firebase-messaging:11.0.1] AndroidManifest.xml:24:13-26:29
250-->[com.google.firebase:firebase-messaging:11.0.1] AndroidManifest.xml:24:28-51
251                <action android:name="com.google.firebase.MESSAGING_EVENT" />
251-->[com.google.firebase:firebase-messaging:11.0.1] AndroidManifest.xml:25:17-77
251-->[com.google.firebase:firebase-messaging:11.0.1] AndroidManifest.xml:25:25-75
252            </intent-filter>
253        </service>
254
255        <activity
255-->[com.google.android.gms:play-services-base:11.0.1] AndroidManifest.xml:19:9-172
256            android:name="com.google.android.gms.common.api.GoogleApiActivity"
256-->[com.google.android.gms:play-services-base:11.0.1] AndroidManifest.xml:19:19-85
257            android:exported="false"
257-->[com.google.android.gms:play-services-base:11.0.1] AndroidManifest.xml:19:146-170
258            android:theme="@android:style/Theme.Translucent.NoTitleBar" />
258-->[com.google.android.gms:play-services-base:11.0.1] AndroidManifest.xml:19:86-145
259
260        <receiver
260-->[com.google.firebase:firebase-analytics:11.0.1] AndroidManifest.xml:25:7-26:18
261            android:name="com.google.android.gms.measurement.AppMeasurementReceiver"
261-->[com.google.firebase:firebase-analytics:11.0.1] AndroidManifest.xml:25:17-89
262            android:enabled="true"
262-->[com.google.firebase:firebase-analytics:11.0.1] AndroidManifest.xml:25:90-112
263            android:exported="false" >
263-->[com.google.firebase:firebase-analytics:11.0.1] AndroidManifest.xml:25:113-137
264        </receiver>
265        <receiver
265-->[com.google.firebase:firebase-analytics:11.0.1] AndroidManifest.xml:27:7-31:18
266            android:name="com.google.android.gms.measurement.AppMeasurementInstallReferrerReceiver"
266-->[com.google.firebase:firebase-analytics:11.0.1] AndroidManifest.xml:27:17-104
267            android:enabled="true"
267-->[com.google.firebase:firebase-analytics:11.0.1] AndroidManifest.xml:27:162-184
268            android:exported="true"
268-->[com.google.firebase:firebase-analytics:11.0.1] AndroidManifest.xml:27:185-208
269            android:permission="android.permission.INSTALL_PACKAGES" >
269-->[com.google.firebase:firebase-analytics:11.0.1] AndroidManifest.xml:27:105-161
270            <intent-filter>
270-->[com.google.firebase:firebase-analytics:11.0.1] AndroidManifest.xml:28:11-30:27
271                <action android:name="com.android.vending.INSTALL_REFERRER" />
271-->[com.google.firebase:firebase-analytics:11.0.1] AndroidManifest.xml:29:15-76
271-->[com.google.firebase:firebase-analytics:11.0.1] AndroidManifest.xml:29:23-74
272            </intent-filter>
273        </receiver>
274
275        <service
275-->[com.google.firebase:firebase-analytics:11.0.1] AndroidManifest.xml:32:7-137
276            android:name="com.google.android.gms.measurement.AppMeasurementService"
276-->[com.google.firebase:firebase-analytics:11.0.1] AndroidManifest.xml:32:16-87
277            android:enabled="true"
277-->[com.google.firebase:firebase-analytics:11.0.1] AndroidManifest.xml:32:88-110
278            android:exported="false" />
278-->[com.google.firebase:firebase-analytics:11.0.1] AndroidManifest.xml:32:111-135
279        <service
279-->[com.google.firebase:firebase-analytics:11.0.1] AndroidManifest.xml:33:7-197
280            android:name="com.google.android.gms.measurement.AppMeasurementJobService"
280-->[com.google.firebase:firebase-analytics:11.0.1] AndroidManifest.xml:33:16-90
281            android:enabled="true"
281-->[com.google.firebase:firebase-analytics:11.0.1] AndroidManifest.xml:33:148-170
282            android:exported="false"
282-->[com.google.firebase:firebase-analytics:11.0.1] AndroidManifest.xml:33:171-195
283            android:permission="android.permission.BIND_JOB_SERVICE" />
283-->[com.google.firebase:firebase-analytics:11.0.1] AndroidManifest.xml:33:91-147
284
285        <receiver
285-->[com.google.firebase:firebase-iid:11.0.1] AndroidManifest.xml:30:9-35:20
286            android:name="com.google.firebase.iid.FirebaseInstanceIdReceiver"
286-->[com.google.firebase:firebase-iid:11.0.1] AndroidManifest.xml:30:19-84
287            android:exported="true"
287-->[com.google.firebase:firebase-iid:11.0.1] AndroidManifest.xml:30:85-108
288            android:permission="com.google.android.c2dm.permission.SEND" >
288-->[com.google.firebase:firebase-iid:11.0.1] AndroidManifest.xml:30:109-169
289            <intent-filter>
289-->[com.google.firebase:firebase-iid:11.0.1] AndroidManifest.xml:31:13-34:29
290                <action android:name="com.google.android.c2dm.intent.RECEIVE" />
290-->[com.google.firebase:firebase-iid:11.0.1] AndroidManifest.xml:32:17-80
290-->[com.google.firebase:firebase-iid:11.0.1] AndroidManifest.xml:32:25-78
291
292                <category android:name="com.ruuha.bmscms" />
292-->[com.google.firebase:firebase-iid:11.0.1] AndroidManifest.xml:33:17-60
292-->[com.google.firebase:firebase-iid:11.0.1] AndroidManifest.xml:33:27-58
293            </intent-filter>
294        </receiver>
295        <!--
296 Internal (not exported) receiver used by the app to start its own exported services
297             without risk of being spoofed.
298        -->
299        <receiver
299-->[com.google.firebase:firebase-iid:11.0.1] AndroidManifest.xml:39:9-119
300            android:name="com.google.firebase.iid.FirebaseInstanceIdInternalReceiver"
300-->[com.google.firebase:firebase-iid:11.0.1] AndroidManifest.xml:39:19-92
301            android:exported="false" />
301-->[com.google.firebase:firebase-iid:11.0.1] AndroidManifest.xml:39:93-117
302        <!--
303 FirebaseInstanceIdService performs security checks at runtime,
304             no need for explicit permissions despite exported="true"
305        -->
306        <service
306-->[com.google.firebase:firebase-iid:11.0.1] AndroidManifest.xml:43:9-47:19
307            android:name="com.google.firebase.iid.FirebaseInstanceIdService"
307-->[com.google.firebase:firebase-iid:11.0.1] AndroidManifest.xml:43:18-82
308            android:exported="true" >
308-->[com.google.firebase:firebase-iid:11.0.1] AndroidManifest.xml:43:83-106
309            <intent-filter android:priority="-500" >
309-->[com.google.firebase:firebase-iid:11.0.1] AndroidManifest.xml:44:13-46:29
309-->[com.google.firebase:firebase-iid:11.0.1] AndroidManifest.xml:44:28-51
310                <action android:name="com.google.firebase.INSTANCE_ID_EVENT" />
310-->[com.google.firebase:firebase-iid:11.0.1] AndroidManifest.xml:45:17-79
310-->[com.google.firebase:firebase-iid:11.0.1] AndroidManifest.xml:45:25-77
311            </intent-filter>
312        </service>
313
314        <provider
314-->[com.google.firebase:firebase-common:11.0.1] AndroidManifest.xml:6:9-194
315            android:name="com.google.firebase.provider.FirebaseInitProvider"
315-->[com.google.firebase:firebase-common:11.0.1] AndroidManifest.xml:6:79-143
316            android:authorities="com.ruuha.bmscms.firebaseinitprovider"
316-->[com.google.firebase:firebase-common:11.0.1] AndroidManifest.xml:6:19-78
317            android:exported="false"
317-->[com.google.firebase:firebase-common:11.0.1] AndroidManifest.xml:6:144-168
318            android:initOrder="100" />
318-->[com.google.firebase:firebase-common:11.0.1] AndroidManifest.xml:6:169-192
319
320        <meta-data